0 info it worked if it ends with ok
1 verbose cli [ 'C:\\Program Files\\nodejs\\node.exe',
1 verbose cli   'C:\\Program Files\\nodejs\\node_modules\\npm\\bin\\npm-cli.js',
1 verbose cli   'install',
1 verbose cli   'starwars-names-tobe' ]
2 info using npm@3.10.8
3 info using node@v6.9.1
4 silly loadCurrentTree Starting
5 silly install loadCurrentTree
6 silly install readLocalPackageData
7 silly fetchPackageMetaData starwars-names-tobe
8 silly fetchNamedPackageData starwars-names-tobe
9 silly mapToRegistry name starwars-names-tobe
10 silly mapToRegistry using default registry
11 silly mapToRegistry registry https://registry.npmjs.org/
12 silly mapToRegistry data Result {
12 silly mapToRegistry   raw: 'starwars-names-tobe',
12 silly mapToRegistry   scope: null,
12 silly mapToRegistry   escapedName: 'starwars-names-tobe',
12 silly mapToRegistry   name: 'starwars-names-tobe',
12 silly mapToRegistry   rawSpec: '',
12 silly mapToRegistry   spec: 'latest',
12 silly mapToRegistry   type: 'tag' }
13 silly mapToRegistry uri https://registry.npmjs.org/starwars-names-tobe
14 verbose request uri https://registry.npmjs.org/starwars-names-tobe
15 verbose request no auth needed
16 info attempt registry request try #1 at 5:40:33 PM
17 verbose request using bearer token for auth
18 verbose request id 500f57bf2f4d5733
19 verbose etag "5ab3dbec-7f0"
20 verbose lastModified Thu, 22 Mar 2018 16:38:04 GMT
21 http request GET https://registry.npmjs.org/starwars-names-tobe
22 http 304 https://registry.npmjs.org/starwars-names-tobe
23 verbose headers { date: 'Thu, 22 Mar 2018 16:40:34 GMT',
23 verbose headers   via: '1.1 varnish',
23 verbose headers   'cache-control': 'max-age=300',
23 verbose headers   etag: '"5ab3dbec-7f0"',
23 verbose headers   age: '0',
23 verbose headers   connection: 'close',
23 verbose headers   'x-served-by': 'cache-lhr6328-LHR',
23 verbose headers   'x-cache': 'MISS',
23 verbose headers   'x-cache-hits': '0',
23 verbose headers   'x-timer': 'S1521736834.015187,VS0,VE365',
23 verbose headers   vary: 'Accept-Encoding, Accept' }
24 silly get cb [ 304,
24 silly get   { date: 'Thu, 22 Mar 2018 16:40:34 GMT',
24 silly get     via: '1.1 varnish',
24 silly get     'cache-control': 'max-age=300',
24 silly get     etag: '"5ab3dbec-7f0"',
24 silly get     age: '0',
24 silly get     connection: 'close',
24 silly get     'x-served-by': 'cache-lhr6328-LHR',
24 silly get     'x-cache': 'MISS',
24 silly get     'x-cache-hits': '0',
24 silly get     'x-timer': 'S1521736834.015187,VS0,VE365',
24 silly get     vary: 'Accept-Encoding, Accept' } ]
25 verbose etag https://registry.npmjs.org/starwars-names-tobe from cache
26 verbose get saving starwars-names-tobe to C:\Users\tobechukwu.onuegbu\AppData\Roaming\npm-cache\registry.npmjs.org\starwars-names-tobe\.cache.json
27 verbose correctMkdir C:\Users\tobechukwu.onuegbu\AppData\Roaming\npm-cache correctMkdir not in flight; initializing
28 silly install normalizeTree
29 silly loadCurrentTree Finishing
30 silly loadIdealTree Starting
31 silly install loadIdealTree
32 silly cloneCurrentTree Starting
33 silly install cloneCurrentTreeToIdealTree
34 silly cloneCurrentTree Finishing
35 silly loadShrinkwrap Starting
36 silly install loadShrinkwrap
37 silly loadShrinkwrap Finishing
38 silly loadAllDepsIntoIdealTree Starting
39 silly install loadAllDepsIntoIdealTree
40 silly rollbackFailedOptional Starting
41 silly rollbackFailedOptional Finishing
42 silly runTopLevelLifecycles Finishing
43 silly install printInstalled
44 verbose stack Error: Refusing to install starwars-names-tobe as a dependency of itself
44 verbose stack     at checkSelf (C:\Users\tobechukwu.onuegbu\AppData\Roaming\nvm\v6.9.1\node_modules\npm\lib\install\validate-args.js:53:14)
44 verbose stack     at Array.<anonymous> (C:\Users\tobechukwu.onuegbu\AppData\Roaming\nvm\v6.9.1\node_modules\npm\node_modules\slide\lib\bind-actor.js:15:8)
44 verbose stack     at LOOP (C:\Users\tobechukwu.onuegbu\AppData\Roaming\nvm\v6.9.1\node_modules\npm\node_modules\slide\lib\chain.js:15:14)
44 verbose stack     at chain (C:\Users\tobechukwu.onuegbu\AppData\Roaming\nvm\v6.9.1\node_modules\npm\node_modules\slide\lib\chain.js:20:5)
44 verbose stack     at C:\Users\tobechukwu.onuegbu\AppData\Roaming\nvm\v6.9.1\node_modules\npm\lib\install\validate-args.js:16:5
44 verbose stack     at C:\Users\tobechukwu.onuegbu\AppData\Roaming\nvm\v6.9.1\node_modules\npm\node_modules\slide\lib\async-map.js:52:35
44 verbose stack     at Array.forEach (native)
44 verbose stack     at C:\Users\tobechukwu.onuegbu\AppData\Roaming\nvm\v6.9.1\node_modules\npm\node_modules\slide\lib\async-map.js:52:11
44 verbose stack     at Array.forEach (native)
44 verbose stack     at asyncMap (C:\Users\tobechukwu.onuegbu\AppData\Roaming\nvm\v6.9.1\node_modules\npm\node_modules\slide\lib\async-map.js:51:8)
45 verbose cwd C:\Users\tobechukwu.onuegbu\Desktop\projects\starwars-names
46 error Windows_NT 10.0.10586
47 error argv "C:\\Program Files\\nodejs\\node.exe" "C:\\Program Files\\nodejs\\node_modules\\npm\\bin\\npm-cli.js" "install" "starwars-names-tobe"
48 error node v6.9.1
49 error npm  v3.10.8
50 error code ENOSELF
51 error Refusing to install starwars-names-tobe as a dependency of itself
52 error If you need help, you may report this error at:
52 error     <https://github.com/npm/npm/issues>
53 verbose exit [ 1, true ]
